build/app/intermediates/manifest_merge_blame_file/debug/manifest-merger-blame-debug-report.txt
1<?xml version="1.0" encoding="utf-8"?>
2<manifest xmlns:android="http://schemas.android.com/apk/res/android"
3    package="io.izisoft.p30nailsupply"
4    android:versionCode="1"
5    android:versionName="1.0.0" >
6
7    <uses-sdk
8        android:minSdkVersion="21"
9        android:targetSdkVersion="33" />
10    <!--
11         The INTERNET permission is required for development. Specifically,
12         the Flutter tool needs it to communicate with the running application
13         to allow setting breakpoints, to provide hot reload, etc.
14    -->
15    <uses-permission android:name="android.permission.INTERNET" />
15-->src\main\AndroidManifest.xml:25:5-67
15-->src\main\AndroidManifest.xml:25:22-64
16
17    <queries>
17-->src\main\AndroidManifest.xml:3:5-12:15
18        <intent>
18-->src\main\AndroidManifest.xml:4:5-7:14
19            <action android:name="android.intent.action.VIEW" />
19-->src\main\AndroidManifest.xml:5:9-61
19-->src\main\AndroidManifest.xml:5:17-58
20
21            <data android:scheme="sms" />
21-->src\main\AndroidManifest.xml:6:9-38
21-->src\main\AndroidManifest.xml:6:15-35
22        </intent>
23        <intent>
23-->src\main\AndroidManifest.xml:8:5-11:14
24            <action android:name="android.intent.action.VIEW" />
24-->src\main\AndroidManifest.xml:5:9-61
24-->src\main\AndroidManifest.xml:5:17-58
25
26            <data android:scheme="tel" />
26-->src\main\AndroidManifest.xml:6:9-38
26-->src\main\AndroidManifest.xml:6:15-35
27        </intent>
28        <intent>
28-->[:file_picker] AndroidManifest.xml:12:9-16:18
29            <action android:name="android.intent.action.GET_CONTENT" />
29-->[:file_picker] AndroidManifest.xml:13:13-72
29-->[:file_picker] AndroidManifest.xml:13:21-69
30
31            <data android:mimeType="*/*" />
31-->src\main\AndroidManifest.xml:6:9-38
32        </intent>
33        <intent>
33-->[:flutter_inappwebview] AndroidManifest.xml:10:9-12:18
34            <action android:name="android.support.customtabs.action.CustomTabsService" />
34-->[:flutter_inappwebview] AndroidManifest.xml:11:13-90
34-->[:flutter_inappwebview] AndroidManifest.xml:11:21-87
35        </intent> <!-- Needs to be explicitly declared on Android R+ -->
36        <package android:name="com.google.android.apps.maps" /> <!-- For browser content -->
36-->[com.google.android.gms:play-services-maps:18.2.0] AndroidManifest.xml:33:9-64
36-->[com.google.android.gms:play-services-maps:18.2.0] AndroidManifest.xml:33:18-61
37        <intent>
37-->[com.google.android.gms:play-services-ads-lite:22.4.0] AndroidManifest.xml:38:9-44:18
38            <action android:name="android.intent.action.VIEW" />
38-->src\main\AndroidManifest.xml:5:9-61
38-->src\main\AndroidManifest.xml:5:17-58
39
40            <category android:name="android.intent.category.BROWSABLE" />
40-->[com.facebook.android:facebook-common:12.1.0] AndroidManifest.xml:43:17-78
40-->[com.facebook.android:facebook-common:12.1.0] AndroidManifest.xml:43:27-75
41
42            <data android:scheme="https" />
42-->src\main\AndroidManifest.xml:6:9-38
42-->src\main\AndroidManifest.xml:6:15-35
43        </intent>
44        <intent>
44-->[com.android.billingclient:billing:6.0.1] AndroidManifest.xml:13:9-15:18
45            <action android:name="com.android.vending.billing.InAppBillingService.BIND" />
45-->[com.android.billingclient:billing:6.0.1] AndroidManifest.xml:14:13-91
45-->[com.android.billingclient:billing:6.0.1] AndroidManifest.xml:14:21-88
46        </intent>
47    </queries>
48    <queries>
48-->src\main\AndroidManifest.xml:3:5-12:15
49        <intent>
50            <action android:name="android.speech.RecognitionService" />
51        </intent>
52    </queries>
53    <queries>
53-->src\main\AndroidManifest.xml:3:5-12:15
54        <intent>
55            <action android:name="android.intent.action.SENDTO" />
56
57            <data android:scheme="mailto" />
57-->src\main\AndroidManifest.xml:6:9-38
57-->src\main\AndroidManifest.xml:6:15-35
58        </intent>
59    </queries>
60
61    <uses-permission android:name="android.permission.CAMERA" />
61-->src\main\AndroidManifest.xml:26:5-65
61-->src\main\AndroidManifest.xml:26:22-62
62    <uses-permission android:name="android.permission.WRITE_EXTERNAL_STORAGE" />
62-->src\main\AndroidManifest.xml:27:5-80
62-->src\main\AndroidManifest.xml:27:22-78
63    <uses-permission android:name="android.permission.READ_EXTERNAL_STORAGE" />
63-->src\main\AndroidManifest.xml:28:5-79
63-->src\main\AndroidManifest.xml:28:22-77
64    <uses-permission android:name="com.android.vending.BILLING" />
64-->src\main\AndroidManifest.xml:29:5-67
64-->src\main\AndroidManifest.xml:29:22-64
65    <uses-permission android:name="android.permission.VIBRATE" /> <!-- Location -->
65-->src\main\AndroidManifest.xml:30:5-66
65-->src\main\AndroidManifest.xml:30:22-63
66    <uses-permission android:name="android.permission.ACCESS_FINE_LOCATION" />
66-->src\main\AndroidManifest.xml:33:5-79
66-->src\main\AndroidManifest.xml:33:22-76
67    <uses-permission android:name="android.permission.ACCESS_COARSE_LOCATION" />
67-->src\main\AndroidManifest.xml:34:5-81
67-->src\main\AndroidManifest.xml:34:22-78
68    <uses-permission android:name="android.permission.WAKE_LOCK" />
68-->[:firebase_messaging] AndroidManifest.xml:10:5-68
68-->[:firebase_messaging] AndroidManifest.xml:10:22-65
69    <uses-permission android:name="android.permission.ACCESS_NETWORK_STATE" /> <!-- Permissions options for the `notification` group -->
69-->[:firebase_messaging] AndroidManifest.xml:11:5-79
69-->[:firebase_messaging] AndroidManifest.xml:11:22-76
70    <uses-permission android:name="android.permission.POST_NOTIFICATIONS" /> <!-- Required by older versions of Google Play services to create IID tokens -->
70-->[:firebase_messaging] AndroidManifest.xml:13:5-77
70-->[:firebase_messaging] AndroidManifest.xml:13:22-74
71    <uses-permission android:name="com.google.android.c2dm.permission.RECEIVE" />
71-->[com.google.firebase:firebase-messaging:23.2.1] AndroidManifest.xml:26:5-82
71-->[com.google.firebase:firebase-messaging:23.2.1] AndroidManifest.xml:26:22-79
72
73    <uses-feature
73-->[com.google.android.gms:play-services-maps:18.2.0] AndroidManifest.xml:26:5-28:35
74        android:glEsVersion="0x00020000"
74-->[com.google.android.gms:play-services-maps:18.2.0] AndroidManifest.xml:27:9-41
75        android:required="true" />
75-->[com.google.android.gms:play-services-maps:18.2.0] AndroidManifest.xml:28:9-32
76
77    <uses-permission android:name="com.google.android.gms.permission.AD_ID" />
77-->[com.google.android.gms:play-services-measurement-api:21.3.0] AndroidManifest.xml:25:5-79
77-->[com.google.android.gms:play-services-measurement-api:21.3.0] AndroidManifest.xml:25:22-76
78    <uses-permission android:name="android.permission.ACCESS_ADSERVICES_AD_ID" />
78-->[com.google.android.gms:play-services-ads-lite:22.4.0] AndroidManifest.xml:27:5-82
78-->[com.google.android.gms:play-services-ads-lite:22.4.0] AndroidManifest.xml:27:22-79
79    <uses-permission android:name="android.permission.ACCESS_ADSERVICES_ATTRIBUTION" />
79-->[com.google.android.gms:play-services-ads-lite:22.4.0] AndroidManifest.xml:28:5-88
79-->[com.google.android.gms:play-services-ads-lite:22.4.0] AndroidManifest.xml:28:22-85
80    <uses-permission android:name="android.permission.ACCESS_ADSERVICES_TOPICS" />
80-->[com.google.android.gms:play-services-ads-lite:22.4.0] AndroidManifest.xml:29:5-83
80-->[com.google.android.gms:play-services-ads-lite:22.4.0] AndroidManifest.xml:29:22-80
81    <uses-permission android:name="com.google.android.finsky.permission.BIND_GET_INSTALL_REFERRER_SERVICE" />
81-->[com.google.android.gms:play-services-measurement:21.3.0] AndroidManifest.xml:26:5-110
81-->[com.google.android.gms:play-services-measurement:21.3.0] AndroidManifest.xml:26:22-107
82    <uses-permission android:name="android.permission.FOREGROUND_SERVICE" />
82-->[androidx.work:work-runtime:2.7.0] AndroidManifest.xml:28:5-77
82-->[androidx.work:work-runtime:2.7.0] AndroidManifest.xml:28:22-74
83
84    <permission
84-->[androidx.core:core:1.10.1] AndroidManifest.xml:22:5-24:47
85        android:name="io.izisoft.p30nailsupply.DYNAMIC_RECEIVER_NOT_EXPORTED_PERMISSION"
85-->[androidx.core:core:1.10.1] AndroidManifest.xml:23:9-81
86        android:protectionLevel="signature" />
86-->[androidx.core:core:1.10.1] AndroidManifest.xml:24:9-44
87
88    <uses-permission android:name="io.izisoft.p30nailsupply.DYNAMIC_RECEIVER_NOT_EXPORTED_PERMISSION" /> <!-- Location -->
88-->[androidx.core:core:1.10.1] AndroidManifest.xml:26:5-97
88-->[androidx.core:core:1.10.1] AndroidManifest.xml:26:22-94
89    <application
90        android:name="android.app.Application"
91        android:appComponentFactory="androidx.core.app.CoreComponentFactory"
91-->[androidx.core:core:1.10.1] AndroidManifest.xml:28:18-86
92        android:debuggable="true"
93        android:icon="@mipmap/ic_launcher"
94        android:label="NailSupply"
95        android:networkSecurityConfig="@xml/network_security_config"
96        android:requestLegacyExternalStorage="true"
97        android:supportsRtl="true"
97-->[com.facebook.android:facebook-login:12.1.0] AndroidManifest.xml:28:18-44
98        android:usesCleartextTraffic="true" >
99        <activity
100            android:name="io.izisoft.p30nailsupply.MainActivity"
101            android:configChanges="orientation|keyboardHidden|keyboard|screenSize|smallestScreenSize|locale|layoutDirection|fontScale|screenLayout|density|uiMode"
102            android:exported="true"
103            android:hardwareAccelerated="true"
104            android:largeHeap="true"
105            android:launchMode="singleTop"
106            android:theme="@style/LaunchTheme"
107            android:windowSoftInputMode="adjustResize" >
108            <meta-data
109                android:name="io.flutter.embedding.android.NormalTheme"
110                android:resource="@style/NormalTheme" />
111
112            <intent-filter>
113                <action android:name="android.intent.action.MAIN" />
114
115                <category android:name="android.intent.category.LAUNCHER" />
116            </intent-filter>
117            <intent-filter>
118                <action android:name="FLUTTER_NOTIFICATION_CLICK" />
119
120                <category android:name="android.intent.category.DEFAULT" />
120-->[com.facebook.android:facebook-common:12.1.0] AndroidManifest.xml:42:17-76
120-->[com.facebook.android:facebook-common:12.1.0] AndroidManifest.xml:42:27-73
121            </intent-filter>
122        </activity>
123
124        <meta-data
125            android:name="flutterEmbedding"
126            android:value="2" />
127
128        <!-- Google map -->
129        <meta-data
130            android:name="com.google.android.geo.API_KEY"
131            android:value="AIzaSyBxSzM2JXY73V6JcCO1CizWojZcxFQJuUM" />
132
133        <!-- Googel admod -->
134        <meta-data
135            android:name="com.google.android.gms.ads.APPLICATION_ID"
136            android:value="ca-app-pub-3940256099942544~3347511713" />
137        <meta-data
138            android:name="com.google.android.gms.ads.flag.OPTIMIZE_INITIALIZATION"
139            android:value="true" />
140        <meta-data
141            android:name="com.google.android.gms.ads.flag.OPTIMIZE_AD_LOADING"
142            android:value="true" />
143        <!-- Googel admod -->
144
145
146        <!-- Facebook sdk -->
147        <meta-data
148            android:name="com.facebook.sdk.ApplicationId"
149            android:value="@string/facebook_app_id" />
150        <meta-data
151            android:name="com.facebook.sdk.ClientToken"
152            android:value="@string/facebook_client_id" />
153        <meta-data
154            android:name="com.facebook.sdk.AutoInitEnabled"
155            android:value="true" />
156        <meta-data
157            android:name="com.facebook.sdk.AutoLogAppEventsEnabled"
158            android:value="true" />
159        <meta-data
160            android:name="com.facebook.sdk.AdvertiserIDCollectionEnabled"
161            android:value="true" />
162        <!-- Facebook sdk -->
163
164        <meta-data
165            android:name="com.google.firebase.messaging.default_notification_channel_id"
166            android:value="hiyou_channel" />
167
168        <receiver android:name="com.dexterous.flutterlocalnotifications.ScheduledNotificationReceiver" />
169
170        <service
170-->[:firebase_messaging] AndroidManifest.xml:16:9-19:72
171            android:name="io.flutter.plugins.firebase.messaging.FlutterFirebaseMessagingBackgroundService"
171-->[:firebase_messaging] AndroidManifest.xml:17:13-107
172            android:exported="false"
172-->[:firebase_messaging] AndroidManifest.xml:18:13-37
173            android:permission="android.permission.BIND_JOB_SERVICE" />
173-->[:firebase_messaging] AndroidManifest.xml:19:13-69
174        <service
174-->[:firebase_messaging] AndroidManifest.xml:20:9-26:19
175            android:name="io.flutter.plugins.firebase.messaging.FlutterFirebaseMessagingService"
175-->[:firebase_messaging] AndroidManifest.xml:21:13-97
176            android:exported="false" >
176-->[:firebase_messaging] AndroidManifest.xml:22:13-37
177            <intent-filter>
177-->[:firebase_messaging] AndroidManifest.xml:23:13-25:29
178                <action android:name="com.google.firebase.MESSAGING_EVENT" />
178-->[:firebase_messaging] AndroidManifest.xml:24:17-78
178-->[:firebase_messaging] AndroidManifest.xml:24:25-75
179            </intent-filter>
180        </service>
181
182        <receiver
182-->[:firebase_messaging] AndroidManifest.xml:28:9-35:20
183            android:name="io.flutter.plugins.firebase.messaging.FlutterFirebaseMessagingReceiver"
183-->[:firebase_messaging] AndroidManifest.xml:29:13-98
184            android:exported="true"
184-->[:firebase_messaging] AndroidManifest.xml:30:13-36
185            android:permission="com.google.android.c2dm.permission.SEND" >
185-->[:firebase_messaging] AndroidManifest.xml:31:13-73
186            <intent-filter>
186-->[:firebase_messaging] AndroidManifest.xml:32:13-34:29
187                <action android:name="com.google.android.c2dm.intent.RECEIVE" />
187-->[:firebase_messaging] AndroidManifest.xml:33:17-81
187-->[:firebase_messaging] AndroidManifest.xml:33:25-78
188            </intent-filter>
189        </receiver>
190
191        <service
191-->[:firebase_messaging] AndroidManifest.xml:37:9-41:19
192            android:name="com.google.firebase.components.ComponentDiscoveryService"
192-->[:firebase_messaging] AndroidManifest.xml:37:18-89
193            android:directBootAware="true"
193-->[com.google.firebase:firebase-common:20.3.3] AndroidManifest.xml:34:13-43
194            android:exported="false" >
194-->[com.google.firebase:firebase-analytics-ktx:21.3.0] AndroidManifest.xml:10:13-37
195            <meta-data
195-->[:firebase_messaging] AndroidManifest.xml:38:13-40:85
196                android:name="com.google.firebase.components:io.flutter.plugins.firebase.messaging.FlutterFirebaseAppRegistrar"
196-->[:firebase_messaging] AndroidManifest.xml:39:17-128
197                android:value="com.google.firebase.components.ComponentRegistrar" />
197-->[:firebase_messaging] AndroidManifest.xml:40:17-82
198            <meta-data
198-->[:firebase_crashlytics] AndroidManifest.xml:11:13-13:85
199                android:name="com.google.firebase.components:io.flutter.plugins.firebase.crashlytics.FlutterFirebaseAppRegistrar"
199-->[:firebase_crashlytics] AndroidManifest.xml:12:17-130
200                android:value="com.google.firebase.components.ComponentRegistrar" />
200-->[:firebase_crashlytics] AndroidManifest.xml:13:17-82
201            <meta-data
201-->[:firebase_analytics] AndroidManifest.xml:15:13-17:85
202                android:name="com.google.firebase.components:io.flutter.plugins.firebase.analytics.FlutterFirebaseAppRegistrar"
202-->[:firebase_analytics] AndroidManifest.xml:16:17-128
203                android:value="com.google.firebase.components.ComponentRegistrar" />
203-->[:firebase_analytics] AndroidManifest.xml:17:17-82
204            <meta-data
204-->[:firebase_auth] AndroidManifest.xml:11:13-13:85
205                android:name="com.google.firebase.components:io.flutter.plugins.firebase.auth.FlutterFirebaseAuthRegistrar"
205-->[:firebase_auth] AndroidManifest.xml:12:17-124
206                android:value="com.google.firebase.components.ComponentRegistrar" />
206-->[:firebase_auth] AndroidManifest.xml:13:17-82
207            <meta-data
207-->[:firebase_remote_config] AndroidManifest.xml:11:13-13:85
208                android:name="com.google.firebase.components:io.flutter.plugins.firebase.firebaseremoteconfig.FlutterFirebaseAppRegistrar"
208-->[:firebase_remote_config] AndroidManifest.xml:12:17-139
209                android:value="com.google.firebase.components.ComponentRegistrar" />
209-->[:firebase_remote_config] AndroidManifest.xml:13:17-82
210            <meta-data
210-->[:firebase_core] AndroidManifest.xml:11:13-13:85
211                android:name="com.google.firebase.components:io.flutter.plugins.firebase.core.FlutterFirebaseCoreRegistrar"
211-->[:firebase_core] AndroidManifest.xml:12:17-124
212                android:value="com.google.firebase.components.ComponentRegistrar" />
212-->[:firebase_core] AndroidManifest.xml:13:17-82
213            <meta-data
213-->[com.google.firebase:firebase-analytics-ktx:21.3.0] AndroidManifest.xml:11:13-13:85
214                android:name="com.google.firebase.components:com.google.firebase.analytics.ktx.FirebaseAnalyticsKtxRegistrar"
214-->[com.google.firebase:firebase-analytics-ktx:21.3.0] AndroidManifest.xml:12:17-126
215                android:value="com.google.firebase.components.ComponentRegistrar" />
215-->[com.google.firebase:firebase-analytics-ktx:21.3.0] AndroidManifest.xml:13:17-82
216            <meta-data
216-->[com.google.firebase:firebase-crashlytics:18.4.3] AndroidManifest.xml:15:13-17:85
217                android:name="com.google.firebase.components:com.google.firebase.crashlytics.CrashlyticsRegistrar"
217-->[com.google.firebase:firebase-crashlytics:18.4.3] AndroidManifest.xml:16:17-115
218                android:value="com.google.firebase.components.ComponentRegistrar" />
218-->[com.google.firebase:firebase-crashlytics:18.4.3] AndroidManifest.xml:17:17-82
219            <meta-data
219-->[com.google.firebase:firebase-sessions:1.0.2] AndroidManifest.xml:25:13-27:85
220                android:name="com.google.firebase.components:com.google.firebase.sessions.FirebaseSessionsRegistrar"
220-->[com.google.firebase:firebase-sessions:1.0.2] AndroidManifest.xml:26:17-117
221                android:value="com.google.firebase.components.ComponentRegistrar" />
221-->[com.google.firebase:firebase-sessions:1.0.2] AndroidManifest.xml:27:17-82
222            <meta-data
222-->[com.google.firebase:firebase-messaging:23.2.1] AndroidManifest.xml:53:13-55:85
223                android:name="com.google.firebase.components:com.google.firebase.messaging.FirebaseMessagingRegistrar"
223-->[com.google.firebase:firebase-messaging:23.2.1] AndroidManifest.xml:54:17-119
224                android:value="com.google.firebase.components.ComponentRegistrar" />
224-->[com.google.firebase:firebase-messaging:23.2.1] AndroidManifest.xml:55:17-82
225            <meta-data
225-->[com.google.firebase:firebase-auth:22.1.2] AndroidManifest.xml:69:13-71:85
226                android:name="com.google.firebase.components:com.google.firebase.auth.FirebaseAuthRegistrar"
226-->[com.google.firebase:firebase-auth:22.1.2] AndroidManifest.xml:70:17-109
227                android:value="com.google.firebase.components.ComponentRegistrar" />
227-->[com.google.firebase:firebase-auth:22.1.2] AndroidManifest.xml:71:17-82
228            <meta-data
228-->[com.google.firebase:firebase-config:21.4.1] AndroidManifest.xml:31:13-33:85
229                android:name="com.google.firebase.components:com.google.firebase.remoteconfig.RemoteConfigRegistrar"
229-->[com.google.firebase:firebase-config:21.4.1] AndroidManifest.xml:32:17-117
230                android:value="com.google.firebase.components.ComponentRegistrar" />
230-->[com.google.firebase:firebase-config:21.4.1] AndroidManifest.xml:33:17-82
231            <meta-data
231-->[com.google.firebase:firebase-common-ktx:20.3.3] AndroidManifest.xml:14:13-16:85
232                android:name="com.google.firebase.components:com.google.firebase.ktx.FirebaseCommonKtxRegistrar"
232-->[com.google.firebase:firebase-common-ktx:20.3.3] AndroidManifest.xml:15:17-113
233                android:value="com.google.firebase.components.ComponentRegistrar" />
233-->[com.google.firebase:firebase-common-ktx:20.3.3] AndroidManifest.xml:16:17-82
234            <meta-data
234-->[com.google.firebase:firebase-iid:21.1.0] AndroidManifest.xml:32:13-34:85
235                android:name="com.google.firebase.components:com.google.firebase.iid.Registrar"
235-->[com.google.firebase:firebase-iid:21.1.0] AndroidManifest.xml:33:17-96
236                android:value="com.google.firebase.components.ComponentRegistrar" />
236-->[com.google.firebase:firebase-iid:21.1.0] AndroidManifest.xml:34:17-82
237            <meta-data
237-->[com.google.android.gms:play-services-measurement-api:21.3.0] AndroidManifest.xml:31:13-33:85
238                android:name="com.google.firebase.components:com.google.firebase.analytics.connector.internal.AnalyticsConnectorRegistrar"
238-->[com.google.android.gms:play-services-measurement-api:21.3.0] AndroidManifest.xml:32:17-139
239                android:value="com.google.firebase.components.ComponentRegistrar" />
239-->[com.google.android.gms:play-services-measurement-api:21.3.0] AndroidManifest.xml:33:17-82
240            <meta-data
240-->[com.google.firebase:firebase-installations:17.1.4] AndroidManifest.xml:15:13-17:85
241                android:name="com.google.firebase.components:com.google.firebase.installations.FirebaseInstallationsRegistrar"
241-->[com.google.firebase:firebase-installations:17.1.4] AndroidManifest.xml:16:17-127
242                android:value="com.google.firebase.components.ComponentRegistrar" />
242-->[com.google.firebase:firebase-installations:17.1.4] AndroidManifest.xml:17:17-82
243            <meta-data
243-->[com.google.firebase:firebase-abt:21.1.1] AndroidManifest.xml:12:13-14:85
244                android:name="com.google.firebase.components:com.google.firebase.abt.component.AbtRegistrar"
244-->[com.google.firebase:firebase-abt:21.1.1] AndroidManifest.xml:13:17-109
245                android:value="com.google.firebase.components.ComponentRegistrar" />
245-->[com.google.firebase:firebase-abt:21.1.1] AndroidManifest.xml:14:17-82
246            <meta-data
246-->[com.google.firebase:firebase-datatransport:18.1.8] AndroidManifest.xml:27:13-29:85
247                android:name="com.google.firebase.components:com.google.firebase.datatransport.TransportRegistrar"
247-->[com.google.firebase:firebase-datatransport:18.1.8] AndroidManifest.xml:28:17-115
248                android:value="com.google.firebase.components.ComponentRegistrar" />
248-->[com.google.firebase:firebase-datatransport:18.1.8] AndroidManifest.xml:29:17-82
249        </service>
250
251        <provider
251-->[:firebase_messaging] AndroidManifest.xml:43:9-47:38
252            android:name="io.flutter.plugins.firebase.messaging.FlutterFirebaseMessagingInitProvider"
252-->[:firebase_messaging] AndroidManifest.xml:44:13-102
253            android:authorities="io.izisoft.p30nailsupply.flutterfirebasemessaginginitprovider"
253-->[:firebase_messaging] AndroidManifest.xml:45:13-88
254            android:exported="false"
254-->[:firebase_messaging] AndroidManifest.xml:46:13-37
255            android:initOrder="99" />
255-->[:firebase_messaging] AndroidManifest.xml:47:13-35
256
257        <service
257-->[:geolocator_android] AndroidManifest.xml:10:9-14:56
258            android:name="com.baseflow.geolocator.GeolocatorLocationService"
258-->[:geolocator_android] AndroidManifest.xml:11:13-77
259            android:enabled="true"
259-->[:geolocator_android] AndroidManifest.xml:12:13-35
260            android:exported="false"
260-->[:geolocator_android] AndroidManifest.xml:13:13-37
261            android:foregroundServiceType="location" />
261-->[:geolocator_android] AndroidManifest.xml:14:13-53
262
263        <activity
263-->[:flutter_inappwebview] AndroidManifest.xml:16:9-20:47
264            android:name="com.pichillilorenzo.flutter_inappwebview.in_app_browser.InAppBrowserActivity"
264-->[:flutter_inappwebview] AndroidManifest.xml:17:13-104
265            android:configChanges="orientation|keyboardHidden|keyboard|screenSize|locale|layoutDirection|fontScale|screenLayout|density"
265-->[:flutter_inappwebview] AndroidManifest.xml:18:13-137
266            android:exported="false"
266-->[:flutter_inappwebview] AndroidManifest.xml:19:13-37
267            android:theme="@style/AppTheme" />
267-->[:flutter_inappwebview] AndroidManifest.xml:20:13-44
268        <activity
268-->[:flutter_inappwebview] AndroidManifest.xml:21:9-24:55
269            android:name="com.pichillilorenzo.flutter_inappwebview.chrome_custom_tabs.ChromeCustomTabsActivity"
269-->[:flutter_inappwebview] AndroidManifest.xml:22:13-112
270            android:exported="false"
270-->[:flutter_inappwebview] AndroidManifest.xml:23:13-37
271            android:theme="@style/ThemeTransparent" />
271-->[:flutter_inappwebview] AndroidManifest.xml:24:13-52
272        <activity
272-->[:flutter_inappwebview] AndroidManifest.xml:25:9-28:55
273            android:name="com.pichillilorenzo.flutter_inappwebview.chrome_custom_tabs.TrustedWebActivity"
273-->[:flutter_inappwebview] AndroidManifest.xml:26:13-106
274            android:exported="false"
274-->[:flutter_inappwebview] AndroidManifest.xml:27:13-37
275            android:theme="@style/ThemeTransparent" />
275-->[:flutter_inappwebview] AndroidManifest.xml:28:13-52
276        <activity
276-->[:flutter_inappwebview] AndroidManifest.xml:29:9-33:55
277            android:name="com.pichillilorenzo.flutter_inappwebview.chrome_custom_tabs.ChromeCustomTabsActivitySingleInstance"
277-->[:flutter_inappwebview] AndroidManifest.xml:30:13-126
278            android:exported="false"
278-->[:flutter_inappwebview] AndroidManifest.xml:31:13-37
279            android:launchMode="singleInstance"
279-->[:flutter_inappwebview] AndroidManifest.xml:32:13-48
280            android:theme="@style/ThemeTransparent" />
280-->[:flutter_inappwebview] AndroidManifest.xml:33:13-52
281        <activity
281-->[:flutter_inappwebview] AndroidManifest.xml:34:9-38:55
282            android:name="com.pichillilorenzo.flutter_inappwebview.chrome_custom_tabs.TrustedWebActivitySingleInstance"
282-->[:flutter_inappwebview] AndroidManifest.xml:35:13-120
283            android:exported="false"
283-->[:flutter_inappwebview] AndroidManifest.xml:36:13-37
284            android:launchMode="singleInstance"
284-->[:flutter_inappwebview] AndroidManifest.xml:37:13-48
285            android:theme="@style/ThemeTransparent" />
285-->[:flutter_inappwebview] AndroidManifest.xml:38:13-52
286
287        <receiver
287-->[:flutter_inappwebview] AndroidManifest.xml:40:9-43:40
288            android:name="com.pichillilorenzo.flutter_inappwebview.chrome_custom_tabs.ActionBroadcastReceiver"
288-->[:flutter_inappwebview] AndroidManifest.xml:41:13-111
289            android:enabled="true"
289-->[:flutter_inappwebview] AndroidManifest.xml:42:13-35
290            android:exported="false" />
290-->[:flutter_inappwebview] AndroidManifest.xml:43:13-37
291
292        <meta-data
292-->[:flutter_inappwebview] AndroidManifest.xml:45:9-47:36
293            android:name="io.flutter.embedded_views_preview"
293-->[:flutter_inappwebview] AndroidManifest.xml:46:13-61
294            android:value="true" />
294-->[:flutter_inappwebview] AndroidManifest.xml:47:13-33
295        <!--
296           Declares a provider which allows us to store files to share in
297           '.../caches/share_plus' and grant the receiving action access
298        -->
299        <provider
299-->[:share_plus] AndroidManifest.xml:15:9-23:20
300            android:name="dev.fluttercommunity.plus.share.ShareFileProvider"
300-->[:share_plus] AndroidManifest.xml:16:13-77
301            android:authorities="io.izisoft.p30nailsupply.flutter.share_provider"
301-->[:share_plus] AndroidManifest.xml:17:13-74
302            android:exported="false"
302-->[:share_plus] AndroidManifest.xml:18:13-37
303            android:grantUriPermissions="true" >
303-->[:share_plus] AndroidManifest.xml:19:13-47
304            <meta-data
304-->[:share_plus] AndroidManifest.xml:20:13-22:68
305                android:name="android.support.FILE_PROVIDER_PATHS"
305-->[:share_plus] AndroidManifest.xml:21:17-67
306                android:resource="@xml/flutter_share_file_paths" />
306-->[:share_plus] AndroidManifest.xml:22:17-65
307        </provider>
308        <!--
309           This manifest declared broadcast receiver allows us to use an explicit
310           Intent when creating a PendingItent to be informed of the user's choice
311        -->
312        <receiver
312-->[:share_plus] AndroidManifest.xml:28:9-34:20
313            android:name="dev.fluttercommunity.plus.share.SharePlusPendingIntent"
313-->[:share_plus] AndroidManifest.xml:29:13-82
314            android:exported="false" >
314-->[:share_plus] AndroidManifest.xml:30:13-37
315            <intent-filter>
315-->[:share_plus] AndroidManifest.xml:31:13-33:29
316                <action android:name="EXTRA_CHOSEN_COMPONENT" />
316-->[:share_plus] AndroidManifest.xml:32:17-65
316-->[:share_plus] AndroidManifest.xml:32:25-62
317            </intent-filter>
318        </receiver>
319
320        <provider
320-->[:image_picker_android] AndroidManifest.xml:10:9-18:20